1674831921120:connect-server localhost 5003
1674831975167:close
1674831997217:send-test-msg 10001
1674832245225:1
1674832251722:connect-server
1674835225525:connect-server localhost 6002
1674835265378:connect-server
1674897137446:connect-server localhost 6003
1674897511571:connect-server localhost 6005
1674897982370:connect-server localhost 6003
1674897997325:connect-server localhost 6002
1674898065260:connect-server localhost 6003
1674902853926:test-msg
1674902876827:send-msg 10001
1674902950460:connect-server localhost 6003
1674902975422:send-msg 10001
1674903158115:connect-server
1674903408486:send-msg 10001
1674903617138:connect-server
1674903628312:send-msg 10001
1674904103058:connect-server
1674904116937:send-msg 10001
1674904400820:connect-server
1674904411114:send-msg 10001
1674904608305:connect-server
1674904619233:send-msg 10001
1674904812926:connect-server
1674904824293:send-msg 10001
1674904945363:connect-server
1674904954093:send-msg 10001
1674905328777:stacktrace
1674905479391:send-msg 10001
1674905520646:close
1674905589916:send-msg 10001
1674906406628:close
1674906410645:send-msg 10001
1674906837848:close
1674906842125:send-msg 10001
1674910173985:close
1674910178397:send-msg 10001
1674910380531:close
1674910385237:send-msg 10001
1675092735441:close
1675092738659:send-msg 10001
